<?xml version="1.0" encoding="UTF-8"?>
<testng-results ignored="2" total="5" passed="3" failed="0" skipped="0">
  <reporter-output>
  </reporter-output>
  <suite started-at="2023-01-05T08:53:09 IST" name="Suite" finished-at="2023-01-05T08:53:09 IST" duration-ms="239">
    <groups>
    </groups>
    <test started-at="2023-01-05T08:53:09 IST" name="Test" finished-at="2023-01-05T08:53:09 IST" duration-ms="239">
      <class name="com.PaymentTest">
        <test-method signature="creditCard()[pri:0, instance:com.PaymentTest@2d710f1a]" started-at="2023-01-05T08:53:09 IST" name="creditCard" finished-at="2023-01-05T08:53:09 IST" duration-ms="1" status="PASS">
          <reporter-output>
          </reporter-output>
        </test-method> <!-- creditCard -->
        <test-method signature="debitCard()[pri:0, instance:com.PaymentTest@2d710f1a]" started-at="2023-01-05T08:53:09 IST" name="debitCard" finished-at="2023-01-05T08:53:09 IST" duration-ms="1" status="PASS">
          <reporter-output>
          </reporter-output>
        </test-method> <!-- debitCard -->
      </class> <!-- com.PaymentTest -->
      <class name="com.MyTest">
        <test-method signature="alpha()[pri:0, instance:com.MyTest@82de64a]" started-at="2023-01-05T08:53:09 IST" name="alpha" finished-at="2023-01-05T08:53:09 IST" duration-ms="17" status="PASS">
          <reporter-output>
          </reporter-output>
        </test-method> <!-- alpha -->
      </class> <!-- com.MyTest -->
    </test> <!-- Test -->
  </suite> <!-- Suite -->
</testng-results>
