<?xml version="1.0" encoding="UTF-8"?>
<!-- Generated by org.testng.reporters.JUnitXMLReporter -->
<testsuite ignored="0" hostname="DESKTOP-ISADT93" failures="1" tests="7" name="Test1" time="0.215" errors="0" timestamp="2023-01-03T09:16:48 IST">
  <testcase classname="eshop.Home" name="login" time="0.025">
    <failure type="java.lang.AssertionError" message="expected [false] but found [true]">
      <![CDATA[java.lang.AssertionError: expected [false] but found [true]
at eshop.Home.login(Home.java:19)
at java.base/java.util.ArrayList.forEach(ArrayList.java:1541)
... Removed 35 stack frames]]>
    </failure>
  </testcase> <!-- login -->
  <testcase classname="eshop.Home" name="logout" time="0.001"/>
  <testcase classname="eshop.Payment" name="cod" time="0.001"/>
  <testcase classname="eshop.Payment" name="creditCard" time="0.004"/>
  <testcase classname="eshop.Payment" name="debitCard" time="0.004"/>
  <testcase classname="eshop.Cart" name="editItem" time="0.004"/>
  <testcase classname="eshop.Cart" name="removeItem" time="0.003"/>
</testsuite> <!-- Test1 -->
