<?xml version="1.0" encoding="UTF-8"?>
<!-- Generated by org.testng.reporters.JUnitXMLReporter -->
<testsuite ignored="0" hostname="DESKTOP-ISADT93" failures="0" tests="5" name="Command line test" time="0.106" errors="0" timestamp="2023-01-05T08:22:44 IST">
  <testcase classname="com.MyTest" name="alpha" time="0.008"/>
  <testcase classname="com.MyTest" name="beta" time="0.001"/>
  <testcase classname="com.MyTest" name="gama" time="0.0"/>
  <testcase classname="com.PaymentTest" name="creditCard" time="0.001"/>
  <testcase classname="com.PaymentTest" name="debitCard" time="0.002"/>
</testsuite> <!-- Command line test -->
