<?xml version="1.0" encoding="UTF-8"?>
<testng-results ignored="0" total="2" passed="2" failed="0" skipped="0">
  <reporter-output>
  </reporter-output>
  <suite started-at="2022-12-27T08:30:19 IST" name="Suite" finished-at="2022-12-27T08:30:28 IST" duration-ms="9165">
    <groups>
    </groups>
    <test started-at="2022-12-27T08:30:19 IST" name="Test1" finished-at="2022-12-27T08:30:22 IST" duration-ms="3131">
      <class name="crossbrowser.MyTest">
        <test-method signature="test(java.lang.String)[pri:0, instance:crossbrowser.MyTest@117159c0]" started-at="2022-12-27T08:30:19 IST" name="test" finished-at="2022-12-27T08:30:22 IST" duration-ms="3010" status="PASS">
          <params>
            <param index="0">
              <value>
                <![CDATA[chrome]]>
              </value>
            </param>
          </params>
          <reporter-output>
          </reporter-output>
        </test-method> <!-- test -->
      </class> <!-- crossbrowser.MyTest -->
    </test> <!-- Test1 -->
    <test started-at="2022-12-27T08:30:23 IST" name="Test2" finished-at="2022-12-27T08:30:28 IST" duration-ms="5918">
      <class name="crossbrowser.MyTest">
        <test-method signature="test(java.lang.String)[pri:0, instance:crossbrowser.MyTest@3f4faf53]" started-at="2022-12-27T08:30:23 IST" name="test" finished-at="2022-12-27T08:30:28 IST" duration-ms="5911" status="PASS">
          <params>
            <param index="0">
              <value>
                <![CDATA[ff]]>
              </value>
            </param>
          </params>
          <reporter-output>
          </reporter-output>
        </test-method> <!-- test -->
      </class> <!-- crossbrowser.MyTest -->
    </test> <!-- Test2 -->
  </suite> <!-- Suite -->
</testng-results>
