<?xml version="1.0" encoding="UTF-8"?>
<!-- Generated by org.testng.reporters.JUnitXMLReporter -->
<testsuite ignored="1" hostname="DESKTOP-ISADT93" failures="0" tests="3" name="Default test" time="0.17" errors="0" timestamp="2022-12-20T09:06:31 IST">
  <testcase classname="basic.Newtest1" name="login" time="0.013"/>
  <testcase classname="basic.Newtest1" name="home" time="0.001"/>
  <testcase classname="basic.Newtest1" name="test1" time="0.003"/>
  <testcase classname="basic.Newtest1" name="alpha" time="0.0">
    <ignored/>
  </testcase> <!-- alpha -->
</testsuite> <!-- Default test -->
