<?xml version="1.0" encoding="UTF-8"?>
<!-- Generated by org.testng.reporters.JUnitXMLReporter -->
<testsuite ignored="0" hostname="DESKTOP-ISADT93" failures="0" tests="3" name="Default test" time="0.122" errors="0" timestamp="2022-12-24T08:17:01 IST">
  <testcase classname="dependency.DemoTest" name="test1" time="0.016"/>
  <testcase classname="dependency.DemoTest" name="test2" time="0.002"/>
  <testcase classname="dependency.DemoTest" name="test3" time="0.002"/>
</testsuite> <!-- Default test -->
