<?xml version="1.0" encoding="UTF-8"?>
<!-- Generated by org.testng.reporters.JUnitXMLReporter -->
<testsuite ignored="0" hostname="DESKTOP-ISADT93" failures="0" tests="6" name="Default test" time="17.865" errors="0" timestamp="2022-12-31T09:00:22 IST">
  <testcase classname="com.Hybriddriven" name="test" time="4.228"/>
  <testcase classname="com.Hybriddriven" name="test" time="2.377"/>
  <testcase classname="com.Hybriddriven" name="test" time="2.109"/>
  <testcase classname="com.Hybriddriven" name="test" time="2.103"/>
  <testcase classname="com.Hybriddriven" name="test" time="2.144"/>
  <testcase classname="com.Hybriddriven" name="test" time="2.23"/>
</testsuite> <!-- Default test -->
