<?xml version="1.0" encoding="UTF-8"?>
<!-- Generated by org.testng.reporters.JUnitXMLReporter -->
<testsuite ignored="4" hostname="DESKTOP-ISADT93" failures="0" tests="3" name="smoke" time="0.111" errors="0" timestamp="2022-12-22T08:35:09 IST">
  <testcase classname="eshop.Home" name="login" time="0.012"/>
  <testcase classname="eshop.Payment" name="creditCard" time="0.005"/>
  <testcase classname="eshop.Cart" name="editItem" time="0.003"/>
  <testcase classname="eshop.Payment" name="debitCard" time="0.0">
    <ignored/>
  </testcase> <!-- debitCard -->
  <testcase classname="eshop.Home" name="logout" time="0.0">
    <ignored/>
  </testcase> <!-- logout -->
  <testcase classname="eshop.Payment" name="cod" time="0.0">
    <ignored/>
  </testcase> <!-- cod -->
  <testcase classname="eshop.Cart" name="removeItem" time="0.0">
    <ignored/>
  </testcase> <!-- removeItem -->
</testsuite> <!-- smoke -->
