<?xml version="1.0" encoding="UTF-8"?>
<!-- Generated by org.testng.reporters.JUnitXMLReporter -->
<testsuite ignored="0" hostname="DESKTOP-ISADT93" failures="2" tests="2" name="Test" time="23.801" errors="0" timestamp="2022-12-24T09:02:29 IST">
  <testcase classname="listener.FbTest" name="titleCheck" time="3.539">
    <failure type="java.lang.AssertionError" message="expected [Fb] but found [Facebook – log in or sign up]">
      <![CDATA[java.lang.AssertionError: expected [Fb] but found [Facebook – log in or sign up]
at listener.FbTest.titleCheck(FbTest.java:20)
at java.base/java.util.ArrayList.forEach(ArrayList.java:1541)
... Removed 33 stack frames]]>
    </failure>
  </testcase> <!-- titleCheck -->
  <testcase classname="listener.FbTest" name="login" time="19.732">
    <failure type="java.lang.AssertionError" message="expected [Fb] but found [Facebook – log in or sign up]">
      <![CDATA[java.lang.AssertionError: expected [Fb] but found [Facebook – log in or sign up]
at listener.FbTest.login(FbTest.java:33)
at java.base/java.util.ArrayList.forEach(ArrayList.java:1541)
... Removed 33 stack frames]]>
    </failure>
  </testcase> <!-- login -->
</testsuite> <!-- Test -->
