<?xml version="1.0" encoding="UTF-8"?>
<!-- Generated by org.testng.reporters.JUnitXMLReporter -->
<testsuite ignored="0" hostname="DESKTOP-ISADT93" failures="1" tests="7" name="Test2" time="0.078" errors="0" timestamp="2022-12-22T08:47:03 IST">
  <testcase classname="eshop.Home" name="login" time="0.003">
    <failure type="java.lang.AssertionError" message="expected [false] but found [true]">
      <![CDATA[java.lang.AssertionError: expected [false] but found [true]
at eshop.Home.login(Home.java:19)
at java.base/java.util.ArrayList.forEach(ArrayList.java:1541)
... Removed 31 stack frames]]>
    </failure>
  </testcase> <!-- login -->
  <testcase classname="eshop.Home" name="logout" time="0.002"/>
  <testcase classname="eshop.Payment" name="cod" time="0.003"/>
  <testcase classname="eshop.Payment" name="creditCard" time="0.003"/>
  <testcase classname="eshop.Payment" name="debitCard" time="0.009"/>
  <testcase classname="eshop.Cart" name="editItem" time="0.002"/>
  <testcase classname="eshop.Cart" name="removeItem" time="0.003"/>
</testsuite> <!-- Test2 -->
