<?xml version="1.0" encoding="UTF-8"?>
<!-- Generated by org.testng.reporters.JUnitXMLReporter -->
<testsuite ignored="2" hostname="DESKTOP-ISADT93" failures="0" tests="3" name="Test" time="0.239" errors="0" timestamp="2023-01-05T08:53:09 IST">
  <testcase classname="com.MyTest" name="alpha" time="0.017"/>
  <testcase classname="com.PaymentTest" name="creditCard" time="0.001"/>
  <testcase classname="com.PaymentTest" name="debitCard" time="0.001"/>
  <testcase classname="com.MyTest" name="beta" time="0.0">
    <ignored/>
  </testcase> <!-- beta -->
  <testcase classname="com.MyTest" name="gama" time="0.0">
    <ignored/>
  </testcase> <!-- gama -->
</testsuite> <!-- Test -->
